# JRE version: Java(TM) SE Runtime Environment (24.0.1+9) (build 24.0.1+9-30)
# Java VM: Java HotSpot(TM) 64-Bit Server VM (24.0.1+9-30, mixed mode, sharing, tiered, compressed oops, compressed class ptrs, g1 gc, windows-amd64)
GC Precious Log:
 CardTable entry size: 512
 Card Set container configuration: InlinePtr #cards 5 size 8 Array Of Cards #cards 10 size 36 Howl #buckets 4 coarsen threshold 1843 Howl Bitmap #cards 512 size 80 coarsen threshold 460 Card regions per heap region 1 cards per card region 2048
 CPUs: 8 total, 8 available
 Memory: 3317M
 Large Page Support: Disabled
 NUMA Support: Disabled
 Compressed Oops: Enabled (32-bit)
 Heap Region Size: 1M
 Heap Min Capacity: 8M
 Heap Initial Capacity: 52M
 Heap Max Capacity: 2G
 Pre-touch: Disabled
 Parallel Workers: 8
 Concurrent Workers: 2
 Concurrent Refinement Workers: 8
 Periodic GC: Disabled
Heap:
 garbage-first heap   total reserved 2097152K, committed 84992K, used 66448K [0x0000000080000000, 0x0000000100000000)
  region size 1024K, 2 young (2048K), 2 survivors (2048K)
 Metaspace       used 71182K, committed 73344K, reserved 1114112K
  class space    used 8350K, committed 9280K, reserved 1048576K
GC Heap History (20 events):
Event: 7.108 GC heap after
{Heap after GC invocations=22 (full 0):
 garbage-first heap   total reserved 2097152K, committed 66560K, used 38480K [0x0000000080000000, 0x0000000100000000)
  region size 1024K, 3 young (3072K), 3 survivors (3072K)
 Metaspace       used 47345K, committed 49152K, reserved 1114112K
  class space    used 5514K, committed 6336K, reserved 1048576K
}
Event: 7.544 GC heap before
{Heap before GC invocations=22 (full 0):
 garbage-first heap   total reserved 2097152K, committed 66560K, used 56912K [0x0000000080000000, 0x0000000100000000)
  region size 1024K, 22 young (22528K), 3 survivors (3072K)
 Metaspace       used 48371K, committed 50304K, reserved 1114112K
  class space    used 5615K, committed 6528K, reserved 1048576K
}
Event: 7.549 GC heap after
{Heap after GC invocations=23 (full 0):
 garbage-first heap   total reserved 2097152K, committed 79872K, used 41869K [0x0000000080000000, 0x0000000100000000)
  region size 1024K, 3 young (3072K), 3 survivors (3072K)
 Metaspace       used 48371K, committed 50304K, reserved 1114112K
  class space    used 5615K, committed 6528K, reserved 1048576K
}
Event: 7.883 GC heap before
{Heap before GC invocations=24 (full 0):
 garbage-first heap   total reserved 2097152K, committed 79872K, used 70541K [0x0000000080000000, 0x0000000100000000)
  region size 1024K, 32 young (32768K), 3 survivors (3072K)
 Metaspace       used 49960K, committed 51968K, reserved 1114112K
  class space    used 5854K, committed 6784K, reserved 1048576K
}
Event: 7.888 GC heap after
{Heap after GC invocations=25 (full 0):
 garbage-first heap   total reserved 2097152K, committed 79872K, used 42958K [0x0000000080000000, 0x0000000100000000)
  region size 1024K, 2 young (2048K), 2 survivors (2048K)
 Metaspace       used 49960K, committed 51968K, reserved 1114112K
  class space    used 5854K, committed 6784K, reserved 1048576K
}
Event: 8.405 GC heap before
{Heap before GC invocations=25 (full 0):
 garbage-first heap   total reserved 2097152K, committed 79872K, used 71630K [0x0000000080000000, 0x0000000100000000)
  region size 1024K, 30 young (30720K), 2 survivors (2048K)
 Metaspace       used 53745K, committed 55872K, reserved 1114112K
  class space    used 6266K, committed 7232K, reserved 1048576K
}
Event: 8.409 GC heap after
{Heap after GC invocations=26 (full 0):
 garbage-first heap   total reserved 2097152K, committed 79872K, used 44083K [0x0000000080000000, 0x0000000100000000)
  region size 1024K, 3 young (3072K), 3 survivors (3072K)
 Metaspace       used 53745K, committed 55872K, reserved 1114112K
  class space    used 6266K, committed 7232K, reserved 1048576K
}
Event: 8.828 GC heap before
{Heap before GC invocations=26 (full 0):
 garbage-first heap   total reserved 2097152K, committed 79872K, used 69683K [0x0000000080000000, 0x0000000100000000)
  region size 1024K, 29 young (29696K), 3 survivors (3072K)
 Metaspace       used 57759K, committed 59840K, reserved 1114112K
  class space    used 6662K, committed 7616K, reserved 1048576K
}
Event: 8.833 GC heap after
{Heap after GC invocations=27 (full 0):
 garbage-first heap   total reserved 2097152K, committed 79872K, used 44979K [0x0000000080000000, 0x0000000100000000)
  region size 1024K, 3 young (3072K), 3 survivors (3072K)
 Metaspace       used 57759K, committed 59840K, reserved 1114112K
  class space    used 6662K, committed 7616K, reserved 1048576K
}
Event: 9.257 GC heap before
{Heap before GC invocations=28 (full 0):
 garbage-first heap   total reserved 2097152K, committed 79872K, used 70579K [0x0000000080000000, 0x0000000100000000)
  region size 1024K, 28 young (28672K), 3 survivors (3072K)
 Metaspace       used 62764K, committed 64896K, reserved 1114112K
  class space    used 7415K, committed 8384K, reserved 1048576K
}
Event: 9.261 GC heap after
{Heap after GC invocations=29 (full 0):
 garbage-first heap   total reserved 2097152K, committed 79872K, used 45524K [0x0000000080000000, 0x0000000100000000)
  region size 1024K, 2 young (2048K), 2 survivors (2048K)
 Metaspace       used 62764K, committed 64896K, reserved 1114112K
  class space    used 7415K, committed 8384K, reserved 1048576K
}
Event: 9.625 GC heap before
{Heap before GC invocations=29 (full 0):
 garbage-first heap   total reserved 2097152K, committed 79872K, used 71124K [0x0000000080000000, 0x0000000100000000)
  region size 1024K, 28 young (28672K), 2 survivors (2048K)
 Metaspace       used 67004K, committed 69120K, reserved 1114112K
  class space    used 7936K, committed 8896K, reserved 1048576K
}
Event: 9.633 GC heap after
{Heap after GC invocations=30 (full 0):
 garbage-first heap   total reserved 2097152K, committed 79872K, used 46005K [0x0000000080000000, 0x0000000100000000)
  region size 1024K, 3 young (3072K), 3 survivors (3072K)
 Metaspace       used 67004K, committed 69120K, reserved 1114112K
  class space    used 7936K, committed 8896K, reserved 1048576K
}
Event: 9.967 GC heap before
{Heap before GC invocations=30 (full 0):
 garbage-first heap   total reserved 2097152K, committed 79872K, used 69557K [0x0000000080000000, 0x0000000100000000)
  region size 1024K, 27 young (27648K), 3 survivors (3072K)
 Metaspace       used 70398K, committed 72512K, reserved 1114112K
  class space    used 8253K, committed 9216K, reserved 1048576K
}
Event: 9.971 GC heap after
{Heap after GC invocations=31 (full 0):
 garbage-first heap   total reserved 2097152K, committed 79872K, used 46940K [0x0000000080000000, 0x0000000100000000)
  region size 1024K, 4 young (4096K), 4 survivors (4096K)
 Metaspace       used 70398K, committed 72512K, reserved 1114112K
  class space    used 8253K, committed 9216K, reserved 1048576K
}
Event: 10.123 GC heap before
{Heap before GC invocations=32 (full 0):
 garbage-first heap   total reserved 2097152K, committed 80896K, used 69468K [0x0000000080000000, 0x0000000100000000)
  region size 1024K, 26 young (26624K), 4 survivors (4096K)
 Metaspace       used 70708K, committed 72832K, reserved 1114112K
  class space    used 8290K, committed 9216K, reserved 1048576K
}
Event: 10.132 GC heap after
{Heap after GC invocations=33 (full 0):
 garbage-first heap   total reserved 2097152K, committed 84992K, used 57622K [0x0000000080000000, 0x0000000100000000)
  region size 1024K, 4 young (4096K), 4 survivors (4096K)
 Metaspace       used 70708K, committed 72832K, reserved 1114112K
  class space    used 8290K, committed 9216K, reserved 1048576K
}
Event: 10.145 GC heap before
{Heap before GC invocations=33 (full 0):
 garbage-first heap   total reserved 2097152K, committed 84992K, used 72982K [0x0000000080000000, 0x0000000100000000)
  region size 1024K, 19 young (19456K), 4 survivors (4096K)
 Metaspace       used 70708K, committed 72832K, reserved 1114112K
  class space    used 8290K, committed 9216K, reserved 1048576K
}
Event: 10.152 GC heap after
{Heap after GC invocations=34 (full 0):
 garbage-first heap   total reserved 2097152K, committed 84992K, used 62464K [0x0000000080000000, 0x0000000100000000)
  region size 1024K, 3 young (3072K), 3 survivors (3072K)
 Metaspace       used 70708K, committed 72832K, reserved 1114112K
  class space    used 8290K, committed 9216K, reserved 1048576K
}
Event: 10.256 GC heap before
{Heap before GC invocations=34 (full 0):
 garbage-first heap   total reserved 2097152K, committed 84992K, used 73728K [0x0000000080000000, 0x0000000100000000)
  region size 1024K, 15 young (15360K), 3 survivors (3072K)
 Metaspace       used 71182K, committed 73344K, reserved 1114112K
  class space    used 8350K, committed 9280K, reserved 1048576K
}

