# JRE version: Java(TM) SE Runtime Environment (24.0.1+9) (build 24.0.1+9-30)
# Java VM: Java HotSpot(TM) 64-Bit Server VM (24.0.1+9-30, mixed mode, sharing, tiered, compressed oops, compressed class ptrs, g1 gc, windows-amd64)
GC Precious Log:
 CardTable entry size: 512
 Card Set container configuration: InlinePtr #cards 5 size 8 Array Of Cards #cards 10 size 36 Howl #buckets 4 coarsen threshold 1843 Howl Bitmap #cards 512 size 80 coarsen threshold 460 Card regions per heap region 1 cards per card region 2048
 CPUs: 8 total, 8 available
 Memory: 3317M
 Large Page Support: Disabled
 NUMA Support: Disabled
 Compressed Oops: Enabled (32-bit)
 Heap Region Size: 1M
 Heap Min Capacity: 8M
 Heap Initial Capacity: 52M
 Heap Max Capacity: 2G
 Pre-touch: Disabled
 Parallel Workers: 8
 Concurrent Workers: 2
 Concurrent Refinement Workers: 8
 Periodic GC: Disabled
Heap:
 garbage-first heap   total reserved 2097152K, committed 176128K, used 127524K [0x0000000080000000, 0x0000000100000000)
  region size 1024K, 6 young (6144K), 6 survivors (6144K)
 Metaspace       used 116182K, committed 118400K, reserved 1179648K
  class space    used 12478K, committed 13504K, reserved 1048576K
GC Heap History (20 events):
Event: 13.120 GC heap after
{Heap after GC invocations=38 (full 0):
 garbage-first heap   total reserved 2097152K, committed 111616K, used 70035K [0x0000000080000000, 0x0000000100000000)
  region size 1024K, 2 young (2048K), 2 survivors (2048K)
 Metaspace       used 78682K, committed 80768K, reserved 1179648K
  class space    used 8755K, committed 9728K, reserved 1048576K
}
Event: 13.492 GC heap before
{Heap before GC invocations=38 (full 0):
 garbage-first heap   total reserved 2097152K, committed 111616K, used 99731K [0x0000000080000000, 0x0000000100000000)
  region size 1024K, 31 young (31744K), 2 survivors (2048K)
 Metaspace       used 82901K, committed 84992K, reserved 1179648K
  class space    used 9146K, committed 10112K, reserved 1048576K
}
Event: 13.498 GC heap after
{Heap after GC invocations=39 (full 0):
 garbage-first heap   total reserved 2097152K, committed 147456K, used 71896K [0x0000000080000000, 0x0000000100000000)
  region size 1024K, 4 young (4096K), 4 survivors (4096K)
 Metaspace       used 82901K, committed 84992K, reserved 1179648K
  class space    used 9146K, committed 10112K, reserved 1048576K
}
Event: 14.113 GC heap before
{Heap before GC invocations=40 (full 0):
 garbage-first heap   total reserved 2097152K, committed 147456K, used 124120K [0x0000000080000000, 0x0000000100000000)
  region size 1024K, 55 young (56320K), 4 survivors (4096K)
 Metaspace       used 88327K, committed 90496K, reserved 1179648K
  class space    used 9738K, committed 10752K, reserved 1048576K
}
Event: 14.122 GC heap after
{Heap after GC invocations=41 (full 0):
 garbage-first heap   total reserved 2097152K, committed 147456K, used 76710K [0x0000000080000000, 0x0000000100000000)
  region size 1024K, 7 young (7168K), 7 survivors (7168K)
 Metaspace       used 88327K, committed 90496K, reserved 1179648K
  class space    used 9738K, committed 10752K, reserved 1048576K
}
Event: 14.494 GC heap before
{Heap before GC invocations=41 (full 0):
 garbage-first heap   total reserved 2097152K, committed 147456K, used 123814K [0x0000000080000000, 0x0000000100000000)
  region size 1024K, 52 young (53248K), 7 survivors (7168K)
 Metaspace       used 91090K, committed 93248K, reserved 1179648K
  class space    used 10012K, committed 11008K, reserved 1048576K
}
Event: 14.506 GC heap after
{Heap after GC invocations=42 (full 0):
 garbage-first heap   total reserved 2097152K, committed 147456K, used 86846K [0x0000000080000000, 0x0000000100000000)
  region size 1024K, 7 young (7168K), 7 survivors (7168K)
 Metaspace       used 91090K, committed 93248K, reserved 1179648K
  class space    used 10012K, committed 11008K, reserved 1048576K
}
Event: 15.048 GC heap before
{Heap before GC invocations=42 (full 0):
 garbage-first heap   total reserved 2097152K, committed 147456K, used 126782K [0x0000000080000000, 0x0000000100000000)
  region size 1024K, 46 young (47104K), 7 survivors (7168K)
 Metaspace       used 94837K, committed 96960K, reserved 1179648K
  class space    used 10285K, committed 11264K, reserved 1048576K
}
Event: 15.056 GC heap after
{Heap after GC invocations=43 (full 0):
 garbage-first heap   total reserved 2097152K, committed 147456K, used 94127K [0x0000000080000000, 0x0000000100000000)
  region size 1024K, 6 young (6144K), 6 survivors (6144K)
 Metaspace       used 94837K, committed 96960K, reserved 1179648K
  class space    used 10285K, committed 11264K, reserved 1048576K
}
Event: 15.562 GC heap before
{Heap before GC invocations=44 (full 0):
 garbage-first heap   total reserved 2097152K, committed 157696K, used 128943K [0x0000000080000000, 0x0000000100000000)
  region size 1024K, 41 young (41984K), 6 survivors (6144K)
 Metaspace       used 99440K, committed 101568K, reserved 1179648K
  class space    used 10638K, committed 11648K, reserved 1048576K
}
Event: 15.569 GC heap after
{Heap after GC invocations=45 (full 0):
 garbage-first heap   total reserved 2097152K, committed 157696K, used 96252K [0x0000000080000000, 0x0000000100000000)
  region size 1024K, 2 young (2048K), 2 survivors (2048K)
 Metaspace       used 99440K, committed 101568K, reserved 1179648K
  class space    used 10638K, committed 11648K, reserved 1048576K
}
Event: 16.234 GC heap before
{Heap before GC invocations=45 (full 0):
 garbage-first heap   total reserved 2097152K, committed 157696K, used 139260K [0x0000000080000000, 0x0000000100000000)
  region size 1024K, 44 young (45056K), 2 survivors (2048K)
 Metaspace       used 104463K, committed 106560K, reserved 1179648K
  class space    used 11230K, committed 12224K, reserved 1048576K
}
Event: 16.241 GC heap after
{Heap after GC invocations=46 (full 0):
 garbage-first heap   total reserved 2097152K, committed 157696K, used 99053K [0x0000000080000000, 0x0000000100000000)
  region size 1024K, 5 young (5120K), 5 survivors (5120K)
 Metaspace       used 104463K, committed 106560K, reserved 1179648K
  class space    used 11230K, committed 12224K, reserved 1048576K
}
Event: 16.912 GC heap before
{Heap before GC invocations=46 (full 0):
 garbage-first heap   total reserved 2097152K, committed 157696K, used 141037K [0x0000000080000000, 0x0000000100000000)
  region size 1024K, 46 young (47104K), 5 survivors (5120K)
 Metaspace       used 110263K, committed 112448K, reserved 1179648K
  class space    used 11781K, committed 12800K, reserved 1048576K
}
Event: 16.920 GC heap after
{Heap after GC invocations=47 (full 0):
 garbage-first heap   total reserved 2097152K, committed 157696K, used 101192K [0x0000000080000000, 0x0000000100000000)
  region size 1024K, 6 young (6144K), 6 survivors (6144K)
 Metaspace       used 110263K, committed 112448K, reserved 1179648K
  class space    used 11781K, committed 12800K, reserved 1048576K
}
Event: 17.713 GC heap before
{Heap before GC invocations=48 (full 0):
 garbage-first heap   total reserved 2097152K, committed 171008K, used 141128K [0x0000000080000000, 0x0000000100000000)
  region size 1024K, 45 young (46080K), 6 survivors (6144K)
 Metaspace       used 114816K, committed 116992K, reserved 1179648K
  class space    used 12351K, committed 13376K, reserved 1048576K
}
Event: 17.718 GC heap after
{Heap after GC invocations=49 (full 0):
 garbage-first heap   total reserved 2097152K, committed 171008K, used 102839K [0x0000000080000000, 0x0000000100000000)
  region size 1024K, 4 young (4096K), 4 survivors (4096K)
 Metaspace       used 114816K, committed 116992K, reserved 1179648K
  class space    used 12351K, committed 13376K, reserved 1048576K
}
Event: 17.930 GC heap before
{Heap before GC invocations=49 (full 0):
 garbage-first heap   total reserved 2097152K, committed 171008K, used 154039K [0x0000000080000000, 0x0000000100000000)
  region size 1024K, 54 young (55296K), 4 survivors (4096K)
 Metaspace       used 115906K, committed 118144K, reserved 1179648K
  class space    used 12471K, committed 13504K, reserved 1048576K
}
Event: 17.943 GC heap after
{Heap after GC invocations=50 (full 0):
 garbage-first heap   total reserved 2097152K, committed 176128K, used 118550K [0x0000000080000000, 0x0000000100000000)
  region size 1024K, 7 young (7168K), 7 survivors (7168K)
 Metaspace       used 115906K, committed 118144K, reserved 1179648K
  class space    used 12471K, committed 13504K, reserved 1048576K
}
Event: 18.052 GC heap before
{Heap before GC invocations=50 (full 0):
 garbage-first heap   total reserved 2097152K, committed 176128K, used 145174K [0x0000000080000000, 0x0000000100000000)
  region size 1024K, 34 young (34816K), 7 survivors (7168K)
 Metaspace       used 116182K, committed 118400K, reserved 1179648K
  class space    used 12478K, committed 13504K, reserved 1048576K
}

